{"/mnt/c/Users/patpa/OneDrive/Desktop/express-biztime/biztime/app.js": {"path":"/mnt/c/Users/patpa/OneDrive/Desktop/express-biztime/biztime/app.js","statementMap":{"0":{"start":{"line":3,"column":16},"end":{"line":3,"column":34}},"1":{"start":{"line":4,"column":21},"end":{"line":4,"column":46}},"2":{"start":{"line":5,"column":24},"end":{"line":5,"column":53}},"3":{"start":{"line":6,"column":23},"end":{"line":6,"column":51}},"4":{"start":{"line":8,"column":12},"end":{"line":8,"column":21}},"5":{"start":{"line":11,"column":0},"end":{"line":11,"column":24}},"6":{"start":{"line":14,"column":0},"end":{"line":14,"column":39}},"7":{"start":{"line":17,"column":0},"end":{"line":17,"column":37}},"8":{"start":{"line":20,"column":0},"end":{"line":23,"column":3}},"9":{"start":{"line":21,"column":14},"end":{"line":21,"column":48}},"10":{"start":{"line":22,"column":2},"end":{"line":22,"column":19}},"11":{"start":{"line":26,"column":0},"end":{"line":32,"column":3}},"12":{"start":{"line":27,"column":2},"end":{"line":27,"column":32}},"13":{"start":{"line":28,"column":2},"end":{"line":31,"column":5}},"14":{"start":{"line":34,"column":0},"end":{"line":34,"column":21}}},"fnMap":{"0":{"name":"(anonymous_0)","decl":{"start":{"line":20,"column":8},"end":{"line":20,"column":9}},"loc":{"start":{"line":20,"column":28},"end":{"line":23,"column":1}},"line":20},"1":{"name":"(anonymous_1)","decl":{"start":{"line":26,"column":8},"end":{"line":26,"column":9}},"loc":{"start":{"line":26,"column":33},"end":{"line":32,"column":1}},"line":26}},"branchMap":{"0":{"loc":{"start":{"line":27,"column":13},"end":{"line":27,"column":30}},"type":"binary-expr","locations":[{"start":{"line":27,"column":13},"end":{"line":27,"column":23}},{"start":{"line":27,"column":27},"end":{"line":27,"column":30}}],"line":27},"1":{"loc":{"start":{"line":29,"column":11},"end":{"line":29,"column":48}},"type":"binary-expr","locations":[{"start":{"line":29,"column":11},"end":{"line":29,"column":22}},{"start":{"line":29,"column":26},"end":{"line":29,"column":48}}],"line":29}},"s":{"0":2,"1":2,"2":2,"3":2,"4":2,"5":2,"6":2,"7":2,"8":2,"9":0,"10":0,"11":2,"12":3,"13":3,"14":2},"f":{"0":0,"1":3},"b":{"0":[3,0],"1":[3,0]},"_coverageSchema":"1a1c01bbd47fc00a2c39e90264f33305004495a9","hash":"6435f9e076c17ae105c86b753539e14c100f772b"}
,"/mnt/c/Users/patpa/OneDrive/Desktop/express-biztime/biztime/db.js": {"path":"/mnt/c/Users/patpa/OneDrive/Desktop/express-biztime/biztime/db.js","statementMap":{"0":{"start":{"line":3,"column":17},"end":{"line":3,"column":30}},"1":{"start":{"line":4,"column":16},"end":{"line":4,"column":34}},"2":{"start":{"line":5,"column":0},"end":{"line":5,"column":27}},"3":{"start":{"line":8,"column":15},"end":{"line":18,"column":2}},"4":{"start":{"line":22,"column":0},"end":{"line":31,"column":1}},"5":{"start":{"line":24,"column":4},"end":{"line":24,"column":38}},"6":{"start":{"line":25,"column":4},"end":{"line":25,"column":10}},"7":{"start":{"line":27,"column":4},"end":{"line":27,"column":70}},"8":{"start":{"line":28,"column":4},"end":{"line":28,"column":10}},"9":{"start":{"line":30,"column":4},"end":{"line":30,"column":65}},"10":{"start":{"line":34,"column":13},"end":{"line":37,"column":2}},"11":{"start":{"line":40,"column":0},"end":{"line":42,"column":3}},"12":{"start":{"line":41,"column":2},"end":{"line":41,"column":43}},"13":{"start":{"line":44,"column":0},"end":{"line":47,"column":3}},"14":{"start":{"line":45,"column":2},"end":{"line":45,"column":55}},"15":{"start":{"line":46,"column":2},"end":{"line":46,"column":19}},"16":{"start":{"line":50,"column":0},"end":{"line":79,"column":2}},"17":{"start":{"line":51,"column":27},"end":{"line":51,"column":51}},"18":{"start":{"line":53,"column":19},"end":{"line":53,"column":39}},"19":{"start":{"line":54,"column":18},"end":{"line":54,"column":30}},"20":{"start":{"line":55,"column":20},"end":{"line":55,"column":34}},"21":{"start":{"line":58,"column":20},"end":{"line":61,"column":12}},"22":{"start":{"line":59,"column":6},"end":{"line":59,"column":77}},"23":{"start":{"line":60,"column":6},"end":{"line":60,"column":86}},"24":{"start":{"line":64,"column":4},"end":{"line":67,"column":6}},"25":{"start":{"line":65,"column":6},"end":{"line":65,"column":30}},"26":{"start":{"line":66,"column":6},"end":{"line":66,"column":39}},"27":{"start":{"line":69,"column":4},"end":{"line":74,"column":6}},"28":{"start":{"line":70,"column":6},"end":{"line":70,"column":28}},"29":{"start":{"line":71,"column":6},"end":{"line":71,"column":27}},"30":{"start":{"line":72,"column":6},"end":{"line":72,"column":31}},"31":{"start":{"line":73,"column":6},"end":{"line":73,"column":35}},"32":{"start":{"line":76,"column":4},"end":{"line":76,"column":18}},"33":{"start":{"line":78,"column":13},"end":{"line":78,"column":23}}},"fnMap":{"0":{"name":"(anonymous_0)","decl":{"start":{"line":40,"column":19},"end":{"line":40,"column":20}},"loc":{"start":{"line":40,"column":25},"end":{"line":42,"column":1}},"line":40},"1":{"name":"(anonymous_1)","decl":{"start":{"line":44,"column":17},"end":{"line":44,"column":18}},"loc":{"start":{"line":44,"column":26},"end":{"line":47,"column":1}},"line":44},"2":{"name":"(anonymous_2)","decl":{"start":{"line":51,"column":9},"end":{"line":51,"column":10}},"loc":{"start":{"line":51,"column":27},"end":{"line":51,"column":51}},"line":51},"3":{"name":"(anonymous_3)","decl":{"start":{"line":52,"column":13},"end":{"line":52,"column":14}},"loc":{"start":{"line":52,"column":25},"end":{"line":77,"column":3}},"line":52},"4":{"name":"(anonymous_4)","decl":{"start":{"line":58,"column":31},"end":{"line":58,"column":32}},"loc":{"start":{"line":58,"column":37},"end":{"line":61,"column":5}},"line":58},"5":{"name":"(anonymous_5)","decl":{"start":{"line":64,"column":19},"end":{"line":64,"column":20}},"loc":{"start":{"line":64,"column":32},"end":{"line":67,"column":5}},"line":64},"6":{"name":"(anonymous_6)","decl":{"start":{"line":69,"column":21},"end":{"line":69,"column":22}},"loc":{"start":{"line":69,"column":27},"end":{"line":74,"column":5}},"line":69},"7":{"name":"(anonymous_7)","decl":{"start":{"line":78,"column":7},"end":{"line":78,"column":8}},"loc":{"start":{"line":78,"column":13},"end":{"line":78,"column":23}},"line":78}},"branchMap":{"0":{"loc":{"start":{"line":22,"column":0},"end":{"line":31,"column":1}},"type":"switch","locations":[{"start":{"line":23,"column":2},"end":{"line":25,"column":10}},{"start":{"line":26,"column":2},"end":{"line":28,"column":10}},{"start":{"line":29,"column":2},"end":{"line":30,"column":65}}],"line":22},"1":{"loc":{"start":{"line":27,"column":13},"end":{"line":27,"column":69}},"type":"binary-expr","locations":[{"start":{"line":27,"column":13},"end":{"line":27,"column":37}},{"start":{"line":27,"column":41},"end":{"line":27,"column":69}}],"line":27},"2":{"loc":{"start":{"line":30,"column":13},"end":{"line":30,"column":64}},"type":"binary-expr","locations":[{"start":{"line":30,"column":13},"end":{"line":30,"column":37}},{"start":{"line":30,"column":41},"end":{"line":30,"column":64}}],"line":30},"3":{"loc":{"start":{"line":36,"column":7},"end":{"line":36,"column":84}},"type":"cond-expr","locations":[{"start":{"line":36,"column":47},"end":{"line":36,"column":76}},{"start":{"line":36,"column":79},"end":{"line":36,"column":84}}],"line":36}},"s":{"0":2,"1":2,"2":2,"3":2,"4":2,"5":0,"6":0,"7":2,"8":2,"9":0,"10":2,"11":2,"12":2,"13":2,"14":0,"15":0,"16":2,"17":44,"18":0,"19":0,"20":0,"21":0,"22":0,"23":0,"24":0,"25":0,"26":0,"27":0,"28":0,"29":0,"30":0,"31":0,"32":0,"33":2},"f":{"0":2,"1":0,"2":44,"3":0,"4":0,"5":0,"6":0,"7":2},"b":{"0":[0,2,0],"1":[2,0],"2":[0,0],"3":[0,2]},"_coverageSchema":"1a1c01bbd47fc00a2c39e90264f33305004495a9","hash":"f69d1c1e6ded24db212ca9f60dc6f03aad568b84"}
,"/mnt/c/Users/patpa/OneDrive/Desktop/express-biztime/biztime/expressError.js": {"path":"/mnt/c/Users/patpa/OneDrive/Desktop/express-biztime/biztime/expressError.js","statementMap":{"0":{"start":{"line":15,"column":4},"end":{"line":15,"column":19}},"1":{"start":{"line":16,"column":4},"end":{"line":16,"column":25}},"2":{"start":{"line":20,"column":0},"end":{"line":20,"column":30}}},"fnMap":{"0":{"name":"(anonymous_0)","decl":{"start":{"line":14,"column":2},"end":{"line":14,"column":3}},"loc":{"start":{"line":14,"column":37},"end":{"line":17,"column":3}},"line":14}},"branchMap":{"0":{"loc":{"start":{"line":14,"column":23},"end":{"line":14,"column":35}},"type":"default-arg","locations":[{"start":{"line":14,"column":32},"end":{"line":14,"column":35}}],"line":14}},"s":{"0":3,"1":3,"2":2},"f":{"0":3},"b":{"0":[0]},"_coverageSchema":"1a1c01bbd47fc00a2c39e90264f33305004495a9","hash":"c8ff9cc3cb82b03fcedd4a270bfa49cf4c0a4aa8"}
,"/mnt/c/Users/patpa/OneDrive/Desktop/express-biztime/biztime/routes/companies.js": {"path":"/mnt/c/Users/patpa/OneDrive/Desktop/express-biztime/biztime/routes/companies.js","statementMap":{"0":{"start":{"line":1,"column":16},"end":{"line":1,"column":34}},"1":{"start":{"line":2,"column":11},"end":{"line":2,"column":27}},"2":{"start":{"line":3,"column":16},"end":{"line":3,"column":34}},"3":{"start":{"line":4,"column":21},"end":{"line":4,"column":47}},"4":{"start":{"line":5,"column":15},"end":{"line":5,"column":31}},"5":{"start":{"line":8,"column":0},"end":{"line":15,"column":3}},"6":{"start":{"line":9,"column":2},"end":{"line":14,"column":3}},"7":{"start":{"line":10,"column":19},"end":{"line":10,"column":69}},"8":{"start":{"line":11,"column":4},"end":{"line":11,"column":48}},"9":{"start":{"line":13,"column":4},"end":{"line":13,"column":21}},"10":{"start":{"line":18,"column":0},"end":{"line":41,"column":3}},"11":{"start":{"line":19,"column":2},"end":{"line":40,"column":3}},"12":{"start":{"line":20,"column":21},"end":{"line":20,"column":31}},"13":{"start":{"line":21,"column":26},"end":{"line":21,"column":113}},"14":{"start":{"line":23,"column":4},"end":{"line":25,"column":5}},"15":{"start":{"line":24,"column":6},"end":{"line":24,"column":66}},"16":{"start":{"line":27,"column":27},"end":{"line":32,"column":5}},"17":{"start":{"line":34,"column":20},"end":{"line":34,"column":41}},"18":{"start":{"line":35,"column":4},"end":{"line":35,"column":66}},"19":{"start":{"line":35,"column":54},"end":{"line":35,"column":64}},"20":{"start":{"line":37,"column":4},"end":{"line":37,"column":33}},"21":{"start":{"line":39,"column":4},"end":{"line":39,"column":21}},"22":{"start":{"line":45,"column":0},"end":{"line":57,"column":3}},"23":{"start":{"line":46,"column":2},"end":{"line":56,"column":3}},"24":{"start":{"line":47,"column":34},"end":{"line":47,"column":42}},"25":{"start":{"line":48,"column":17},"end":{"line":48,"column":61}},"26":{"start":{"line":49,"column":19},"end":{"line":52,"column":5}},"27":{"start":{"line":53,"column":4},"end":{"line":53,"column":61}},"28":{"start":{"line":55,"column":4},"end":{"line":55,"column":21}},"29":{"start":{"line":60,"column":0},"end":{"line":75,"column":3}},"30":{"start":{"line":61,"column":2},"end":{"line":74,"column":3}},"31":{"start":{"line":62,"column":21},"end":{"line":62,"column":31}},"32":{"start":{"line":63,"column":34},"end":{"line":63,"column":42}},"33":{"start":{"line":64,"column":19},"end":{"line":67,"column":5}},"34":{"start":{"line":68,"column":4},"end":{"line":70,"column":5}},"35":{"start":{"line":69,"column":6},"end":{"line":69,"column":74}},"36":{"start":{"line":71,"column":4},"end":{"line":71,"column":49}},"37":{"start":{"line":73,"column":4},"end":{"line":73,"column":21}},"38":{"start":{"line":78,"column":0},"end":{"line":89,"column":3}},"39":{"start":{"line":79,"column":2},"end":{"line":88,"column":3}},"40":{"start":{"line":80,"column":21},"end":{"line":80,"column":31}},"41":{"start":{"line":81,"column":19},"end":{"line":81,"column":97}},"42":{"start":{"line":82,"column":4},"end":{"line":84,"column":5}},"43":{"start":{"line":83,"column":6},"end":{"line":83,"column":74}},"44":{"start":{"line":85,"column":4},"end":{"line":85,"column":43}},"45":{"start":{"line":87,"column":4},"end":{"line":87,"column":21}},"46":{"start":{"line":91,"column":0},"end":{"line":91,"column":24}}},"fnMap":{"0":{"name":"(anonymous_0)","decl":{"start":{"line":8,"column":16},"end":{"line":8,"column":17}},"loc":{"start":{"line":8,"column":42},"end":{"line":15,"column":1}},"line":8},"1":{"name":"(anonymous_1)","decl":{"start":{"line":18,"column":21},"end":{"line":18,"column":22}},"loc":{"start":{"line":18,"column":47},"end":{"line":41,"column":1}},"line":18},"2":{"name":"(anonymous_2)","decl":{"start":{"line":35,"column":49},"end":{"line":35,"column":50}},"loc":{"start":{"line":35,"column":54},"end":{"line":35,"column":64}},"line":35},"3":{"name":"(anonymous_3)","decl":{"start":{"line":45,"column":17},"end":{"line":45,"column":18}},"loc":{"start":{"line":45,"column":43},"end":{"line":57,"column":1}},"line":45},"4":{"name":"(anonymous_4)","decl":{"start":{"line":60,"column":21},"end":{"line":60,"column":22}},"loc":{"start":{"line":60,"column":47},"end":{"line":75,"column":1}},"line":60},"5":{"name":"(anonymous_5)","decl":{"start":{"line":78,"column":24},"end":{"line":78,"column":25}},"loc":{"start":{"line":78,"column":50},"end":{"line":89,"column":1}},"line":78}},"branchMap":{"0":{"loc":{"start":{"line":23,"column":4},"end":{"line":25,"column":5}},"type":"if","locations":[{"start":{"line":23,"column":4},"end":{"line":25,"column":5}},{"start":{},"end":{}}],"line":23},"1":{"loc":{"start":{"line":68,"column":4},"end":{"line":70,"column":5}},"type":"if","locations":[{"start":{"line":68,"column":4},"end":{"line":70,"column":5}},{"start":{},"end":{}}],"line":68},"2":{"loc":{"start":{"line":82,"column":4},"end":{"line":84,"column":5}},"type":"if","locations":[{"start":{"line":82,"column":4},"end":{"line":84,"column":5}},{"start":{},"end":{}}],"line":82}},"s":{"0":2,"1":2,"2":2,"3":2,"4":2,"5":2,"6":2,"7":2,"8":2,"9":0,"10":2,"11":4,"12":4,"13":4,"14":4,"15":2,"16":2,"17":2,"18":2,"19":0,"20":2,"21":0,"22":2,"23":2,"24":2,"25":2,"26":2,"27":2,"28":0,"29":2,"30":2,"31":2,"32":2,"33":2,"34":2,"35":1,"36":1,"37":1,"38":2,"39":4,"40":4,"41":4,"42":4,"43":2,"44":2,"45":2,"46":2},"f":{"0":2,"1":4,"2":0,"3":2,"4":2,"5":4},"b":{"0":[2,2],"1":[1,1],"2":[2,2]},"_coverageSchema":"1a1c01bbd47fc00a2c39e90264f33305004495a9","hash":"45d8c908f608f489d7bb60874c6ab62fcfc5bcf8"}
,"/mnt/c/Users/patpa/OneDrive/Desktop/express-biztime/biztime/routes/invoices.js": {"path":"/mnt/c/Users/patpa/OneDrive/Desktop/express-biztime/biztime/routes/invoices.js","statementMap":{"0":{"start":{"line":1,"column":16},"end":{"line":1,"column":34}},"1":{"start":{"line":2,"column":11},"end":{"line":2,"column":27}},"2":{"start":{"line":3,"column":21},"end":{"line":3,"column":47}},"3":{"start":{"line":4,"column":15},"end":{"line":4,"column":31}},"4":{"start":{"line":7,"column":0},"end":{"line":14,"column":3}},"5":{"start":{"line":8,"column":2},"end":{"line":13,"column":3}},"6":{"start":{"line":9,"column":19},"end":{"line":9,"column":71}},"7":{"start":{"line":10,"column":4},"end":{"line":10,"column":47}},"8":{"start":{"line":12,"column":4},"end":{"line":12,"column":21}},"9":{"start":{"line":17,"column":0},"end":{"line":28,"column":3}},"10":{"start":{"line":18,"column":2},"end":{"line":27,"column":3}},"11":{"start":{"line":19,"column":19},"end":{"line":19,"column":29}},"12":{"start":{"line":20,"column":19},"end":{"line":20,"column":123}},"13":{"start":{"line":21,"column":4},"end":{"line":23,"column":5}},"14":{"start":{"line":22,"column":6},"end":{"line":22,"column":70}},"15":{"start":{"line":24,"column":4},"end":{"line":24,"column":49}},"16":{"start":{"line":26,"column":4},"end":{"line":26,"column":21}},"17":{"start":{"line":31,"column":0},"end":{"line":42,"column":3}},"18":{"start":{"line":32,"column":2},"end":{"line":41,"column":3}},"19":{"start":{"line":33,"column":31},"end":{"line":33,"column":39}},"20":{"start":{"line":34,"column":19},"end":{"line":37,"column":5}},"21":{"start":{"line":38,"column":4},"end":{"line":38,"column":61}},"22":{"start":{"line":40,"column":4},"end":{"line":40,"column":21}},"23":{"start":{"line":45,"column":0},"end":{"line":64,"column":3}},"24":{"start":{"line":46,"column":2},"end":{"line":63,"column":3}},"25":{"start":{"line":47,"column":19},"end":{"line":47,"column":29}},"26":{"start":{"line":48,"column":26},"end":{"line":48,"column":34}},"27":{"start":{"line":49,"column":22},"end":{"line":49,"column":46}},"28":{"start":{"line":51,"column":19},"end":{"line":54,"column":5}},"29":{"start":{"line":56,"column":4},"end":{"line":58,"column":5}},"30":{"start":{"line":57,"column":6},"end":{"line":57,"column":66}},"31":{"start":{"line":60,"column":4},"end":{"line":60,"column":49}},"32":{"start":{"line":62,"column":4},"end":{"line":62,"column":21}},"33":{"start":{"line":68,"column":0},"end":{"line":79,"column":3}},"34":{"start":{"line":69,"column":2},"end":{"line":78,"column":3}},"35":{"start":{"line":70,"column":19},"end":{"line":70,"column":29}},"36":{"start":{"line":71,"column":19},"end":{"line":71,"column":90}},"37":{"start":{"line":72,"column":4},"end":{"line":74,"column":5}},"38":{"start":{"line":73,"column":6},"end":{"line":73,"column":70}},"39":{"start":{"line":75,"column":4},"end":{"line":75,"column":43}},"40":{"start":{"line":77,"column":4},"end":{"line":77,"column":21}},"41":{"start":{"line":81,"column":0},"end":{"line":81,"column":24}}},"fnMap":{"0":{"name":"(anonymous_0)","decl":{"start":{"line":7,"column":16},"end":{"line":7,"column":17}},"loc":{"start":{"line":7,"column":42},"end":{"line":14,"column":1}},"line":7},"1":{"name":"(anonymous_1)","decl":{"start":{"line":17,"column":19},"end":{"line":17,"column":20}},"loc":{"start":{"line":17,"column":45},"end":{"line":28,"column":1}},"line":17},"2":{"name":"(anonymous_2)","decl":{"start":{"line":31,"column":17},"end":{"line":31,"column":18}},"loc":{"start":{"line":31,"column":43},"end":{"line":42,"column":1}},"line":31},"3":{"name":"(anonymous_3)","decl":{"start":{"line":45,"column":19},"end":{"line":45,"column":20}},"loc":{"start":{"line":45,"column":45},"end":{"line":64,"column":1}},"line":45},"4":{"name":"(anonymous_4)","decl":{"start":{"line":68,"column":22},"end":{"line":68,"column":23}},"loc":{"start":{"line":68,"column":48},"end":{"line":79,"column":1}},"line":68}},"branchMap":{"0":{"loc":{"start":{"line":21,"column":4},"end":{"line":23,"column":5}},"type":"if","locations":[{"start":{"line":21,"column":4},"end":{"line":23,"column":5}},{"start":{},"end":{}}],"line":21},"1":{"loc":{"start":{"line":49,"column":22},"end":{"line":49,"column":46}},"type":"cond-expr","locations":[{"start":{"line":49,"column":29},"end":{"line":49,"column":39}},{"start":{"line":49,"column":42},"end":{"line":49,"column":46}}],"line":49},"2":{"loc":{"start":{"line":56,"column":4},"end":{"line":58,"column":5}},"type":"if","locations":[{"start":{"line":56,"column":4},"end":{"line":58,"column":5}},{"start":{},"end":{}}],"line":56},"3":{"loc":{"start":{"line":72,"column":4},"end":{"line":74,"column":5}},"type":"if","locations":[{"start":{"line":72,"column":4},"end":{"line":74,"column":5}},{"start":{},"end":{}}],"line":72}},"s":{"0":2,"1":2,"2":2,"3":2,"4":2,"5":0,"6":0,"7":0,"8":0,"9":2,"10":0,"11":0,"12":0,"13":0,"14":0,"15":0,"16":0,"17":2,"18":0,"19":0,"20":0,"21":0,"22":0,"23":2,"24":0,"25":0,"26":0,"27":0,"28":0,"29":0,"30":0,"31":0,"32":0,"33":2,"34":0,"35":0,"36":0,"37":0,"38":0,"39":0,"40":0,"41":2},"f":{"0":0,"1":0,"2":0,"3":0,"4":0},"b":{"0":[0,0],"1":[0,0],"2":[0,0],"3":[0,0]},"_coverageSchema":"1a1c01bbd47fc00a2c39e90264f33305004495a9","hash":"c938276a7e66824d1c2fbf930d05c9be252a5d86"}
}
