TN:
SF:app.js
FN:20,(anonymous_0)
FN:26,(anonymous_1)
FNF:2
FNH:1
FNDA:0,(anonymous_0)
FNDA:3,(anonymous_1)
DA:3,2
DA:4,2
DA:5,2
DA:6,2
DA:8,2
DA:11,2
DA:14,2
DA:17,2
DA:20,2
DA:21,0
DA:22,0
DA:26,2
DA:27,3
DA:28,3
DA:34,2
LF:15
LH:13
BRDA:27,0,0,3
BRDA:27,0,1,0
BRDA:29,1,0,3
BRDA:29,1,1,0
BRF:4
BRH:2
end_of_record
TN:
SF:db.js
FN:40,(anonymous_0)
FN:44,(anonymous_1)
FN:51,(anonymous_2)
FN:52,(anonymous_3)
FN:58,(anonymous_4)
FN:64,(anonymous_5)
FN:69,(anonymous_6)
FN:78,(anonymous_7)
FNF:8
FNH:3
FNDA:2,(anonymous_0)
FNDA:0,(anonymous_1)
FNDA:44,(anonymous_2)
FNDA:0,(anonymous_3)
FNDA:0,(anonymous_4)
FNDA:0,(anonymous_5)
FNDA:0,(anonymous_6)
FNDA:2,(anonymous_7)
DA:3,2
DA:4,2
DA:5,2
DA:8,2
DA:22,2
DA:24,0
DA:25,0
DA:27,2
DA:28,2
DA:30,0
DA:34,2
DA:40,2
DA:41,2
DA:44,2
DA:45,0
DA:46,0
DA:50,2
DA:51,44
DA:53,0
DA:54,0
DA:55,0
DA:58,0
DA:59,0
DA:60,0
DA:64,0
DA:65,0
DA:66,0
DA:69,0
DA:70,0
DA:71,0
DA:72,0
DA:73,0
DA:76,0
DA:78,2
LF:34
LH:14
BRDA:22,0,0,0
BRDA:22,0,1,2
BRDA:22,0,2,0
BRDA:27,1,0,2
BRDA:27,1,1,0
BRDA:30,2,0,0
BRDA:30,2,1,0
BRDA:36,3,0,0
BRDA:36,3,1,2
BRF:9
BRH:3
end_of_record
TN:
SF:expressError.js
FN:14,(anonymous_0)
FNF:1
FNH:1
FNDA:3,(anonymous_0)
DA:15,3
DA:16,3
DA:20,2
LF:3
LH:3
BRDA:14,0,0,0
BRF:1
BRH:0
end_of_record
TN:
SF:routes/companies.js
FN:8,(anonymous_0)
FN:18,(anonymous_1)
FN:35,(anonymous_2)
FN:45,(anonymous_3)
FN:60,(anonymous_4)
FN:78,(anonymous_5)
FNF:6
FNH:5
FNDA:2,(anonymous_0)
FNDA:4,(anonymous_1)
FNDA:0,(anonymous_2)
FNDA:2,(anonymous_3)
FNDA:2,(anonymous_4)
FNDA:4,(anonymous_5)
DA:1,2
DA:2,2
DA:3,2
DA:4,2
DA:5,2
DA:8,2
DA:9,2
DA:10,2
DA:11,2
DA:13,0
DA:18,2
DA:19,4
DA:20,4
DA:21,4
DA:23,4
DA:24,2
DA:27,2
DA:34,2
DA:35,2
DA:37,2
DA:39,0
DA:45,2
DA:46,2
DA:47,2
DA:48,2
DA:49,2
DA:53,2
DA:55,0
DA:60,2
DA:61,2
DA:62,2
DA:63,2
DA:64,2
DA:68,2
DA:69,1
DA:71,1
DA:73,1
DA:78,2
DA:79,4
DA:80,4
DA:81,4
DA:82,4
DA:83,2
DA:85,2
DA:87,2
DA:91,2
LF:46
LH:43
BRDA:23,0,0,2
BRDA:23,0,1,2
BRDA:68,1,0,1
BRDA:68,1,1,1
BRDA:82,2,0,2
BRDA:82,2,1,2
BRF:6
BRH:6
end_of_record
TN:
SF:routes/invoices.js
FN:7,(anonymous_0)
FN:17,(anonymous_1)
FN:31,(anonymous_2)
FN:45,(anonymous_3)
FN:68,(anonymous_4)
FNF:5
FNH:0
FNDA:0,(anonymous_0)
FNDA:0,(anonymous_1)
FNDA:0,(anonymous_2)
FNDA:0,(anonymous_3)
FNDA:0,(anonymous_4)
DA:1,2
DA:2,2
DA:3,2
DA:4,2
DA:7,2
DA:8,0
DA:9,0
DA:10,0
DA:12,0
DA:17,2
DA:18,0
DA:19,0
DA:20,0
DA:21,0
DA:22,0
DA:24,0
DA:26,0
DA:31,2
DA:32,0
DA:33,0
DA:34,0
DA:38,0
DA:40,0
DA:45,2
DA:46,0
DA:47,0
DA:48,0
DA:49,0
DA:51,0
DA:56,0
DA:57,0
DA:60,0
DA:62,0
DA:68,2
DA:69,0
DA:70,0
DA:71,0
DA:72,0
DA:73,0
DA:75,0
DA:77,0
DA:81,2
LF:42
LH:10
BRDA:21,0,0,0
BRDA:21,0,1,0
BRDA:49,1,0,0
BRDA:49,1,1,0
BRDA:56,2,0,0
BRDA:56,2,1,0
BRDA:72,3,0,0
BRDA:72,3,1,0
BRF:8
BRH:0
end_of_record
